<?xml version="1.0" encoding="UTF-8"?>
<!-- Generated by org.testng.reporters.JUnitXMLReporter -->
<testsuite ignored="0" hostname="fedora" failures="0" tests="10" name="Default test" time="0.11" errors="0" timestamp="2022-11-22T07:47:36 CST">
  <testcase classname="clases.Ejercicio2LealtdaPuntos" name="verificarClienteNCupon" time="0.011"/>
  <testcase classname="clases.Ejercicio2LealtdaPuntos" name="verificarClienteNTarjeta" time="0.003"/>
  <testcase classname="clases.Ejercicio2LealtdaPuntos" name="verificarClienteSCupon" time="0.002"/>
  <testcase classname="clases.Ejercicio2LealtdaPuntos" name="verificarClienteSTarjeta" time="0.002"/>
  <testcase classname="clases.Ejercicio2LealtdaPuntos" name="verificarGuardarCupon" time="0.002"/>
  <testcase classname="clases.Ejercicio2LealtdaPuntos" name="verificarGuardarNoCupon" time="0.002"/>
  <testcase classname="clases.Ejercicio2LealtdaPuntos" name="verificarSaldoEntre100y150" time="0.001"/>
  <testcase classname="clases.Ejercicio2LealtdaPuntos" name="verificarSaldoEntre50y100" time="0.002"/>
  <testcase classname="clases.Ejercicio2LealtdaPuntos" name="verificarSaldoMayora150" time="0.002"/>
  <testcase classname="clases.Ejercicio2LealtdaPuntos" name="verificarSaldoMenora50" time="0.002"/>
</testsuite> <!-- Default test -->
