<?xml version="1.0" encoding="UTF-8"?>
<testng-results ignored="0" total="10" passed="10" failed="0" skipped="0">
  <reporter-output>
  </reporter-output>
  <suite started-at="2022-11-22T07:47:35 CST" name="Default suite" finished-at="2022-11-22T07:47:36 CST" duration-ms="110">
    <groups>
    </groups>
    <test started-at="2022-11-22T07:47:35 CST" name="Default test" finished-at="2022-11-22T07:47:36 CST" duration-ms="110">
      <class name="clases.Ejercicio2LealtdaPuntos">
        <test-method is-config="true" signature="preConditions()[pri:0, instance:clases.Ejercicio2LealtdaPuntos@d83da2e]" started-at="2022-11-22T07:47:35 CST" name="preConditions" finished-at="2022-11-22T07:47:35 CST" duration-ms="6" status="PASS">
          <reporter-output>
          </reporter-output>
        </test-method> <!-- preConditions -->
        <test-method signature="verificarClienteNCupon()[pri:0, instance:clases.Ejercicio2LealtdaPuntos@d83da2e]" started-at="2022-11-22T07:47:35 CST" name="verificarClienteNCupon" finished-at="2022-11-22T07:47:35 CST" duration-ms="11" status="PASS">
          <reporter-output>
          </reporter-output>
        </test-method> <!-- verificarClienteNCupon -->
        <test-method signature="verificarClienteNTarjeta()[pri:0, instance:clases.Ejercicio2LealtdaPuntos@d83da2e]" started-at="2022-11-22T07:47:35 CST" name="verificarClienteNTarjeta" finished-at="2022-11-22T07:47:35 CST" duration-ms="3" status="PASS">
          <reporter-output>
          </reporter-output>
        </test-method> <!-- verificarClienteNTarjeta -->
        <test-method signature="verificarClienteSCupon()[pri:0, instance:clases.Ejercicio2LealtdaPuntos@d83da2e]" started-at="2022-11-22T07:47:36 CST" name="verificarClienteSCupon" finished-at="2022-11-22T07:47:36 CST" duration-ms="2" status="PASS">
          <reporter-output>
          </reporter-output>
        </test-method> <!-- verificarClienteSCupon -->
        <test-method signature="verificarClienteSTarjeta()[pri:0, instance:clases.Ejercicio2LealtdaPuntos@d83da2e]" started-at="2022-11-22T07:47:36 CST" name="verificarClienteSTarjeta" finished-at="2022-11-22T07:47:36 CST" duration-ms="2" status="PASS">
          <reporter-output>
          </reporter-output>
        </test-method> <!-- verificarClienteSTarjeta -->
        <test-method signature="verificarGuardarCupon()[pri:0, instance:clases.Ejercicio2LealtdaPuntos@d83da2e]" started-at="2022-11-22T07:47:36 CST" name="verificarGuardarCupon" finished-at="2022-11-22T07:47:36 CST" duration-ms="2" status="PASS">
          <reporter-output>
          </reporter-output>
        </test-method> <!-- verificarGuardarCupon -->
        <test-method signature="verificarGuardarNoCupon()[pri:0, instance:clases.Ejercicio2LealtdaPuntos@d83da2e]" started-at="2022-11-22T07:47:36 CST" name="verificarGuardarNoCupon" finished-at="2022-11-22T07:47:36 CST" duration-ms="2" status="PASS">
          <reporter-output>
          </reporter-output>
        </test-method> <!-- verificarGuardarNoCupon -->
        <test-method signature="verificarSaldoEntre100y150()[pri:0, instance:clases.Ejercicio2LealtdaPuntos@d83da2e]" started-at="2022-11-22T07:47:36 CST" name="verificarSaldoEntre100y150" finished-at="2022-11-22T07:47:36 CST" duration-ms="1" status="PASS">
          <reporter-output>
          </reporter-output>
        </test-method> <!-- verificarSaldoEntre100y150 -->
        <test-method signature="verificarSaldoEntre50y100()[pri:0, instance:clases.Ejercicio2LealtdaPuntos@d83da2e]" started-at="2022-11-22T07:47:36 CST" name="verificarSaldoEntre50y100" finished-at="2022-11-22T07:47:36 CST" duration-ms="2" status="PASS">
          <reporter-output>
          </reporter-output>
        </test-method> <!-- verificarSaldoEntre50y100 -->
        <test-method signature="verificarSaldoMayora150()[pri:0, instance:clases.Ejercicio2LealtdaPuntos@d83da2e]" started-at="2022-11-22T07:47:36 CST" name="verificarSaldoMayora150" finished-at="2022-11-22T07:47:36 CST" duration-ms="2" status="PASS">
          <reporter-output>
          </reporter-output>
        </test-method> <!-- verificarSaldoMayora150 -->
        <test-method signature="verificarSaldoMenora50()[pri:0, instance:clases.Ejercicio2LealtdaPuntos@d83da2e]" started-at="2022-11-22T07:47:36 CST" name="verificarSaldoMenora50" finished-at="2022-11-22T07:47:36 CST" duration-ms="2" status="PASS">
          <reporter-output>
          </reporter-output>
        </test-method> <!-- verificarSaldoMenora50 -->
      </class> <!-- clases.Ejercicio2LealtdaPuntos -->
    </test> <!-- Default test -->
  </suite> <!-- Default suite -->
</testng-results>
